[2025-09-02 20:23:28,538: INFO: common: yaml file: config\config.yaml loaded successfully]
[2025-09-02 20:23:28,541: INFO: common: yaml file: params.yaml loaded successfully]
[2025-09-02 20:23:28,544: INFO: common: yaml file: schema.yaml loaded successfully]
[2025-09-02 20:23:28,547: INFO: common: created directory at: artifacts]
[2025-09-02 20:23:28,549: INFO: common: created directory at: artifacts/data_ingestion]
[2025-09-02 20:23:30,025: INFO: 2366278714: artifacts/data_ingestion/data.zip download! with following info: 
Connection: close
Content-Length: 79225
Cache-Control: max-age=300
Content-Security-Policy: default-src 'none'; style-src 'unsafe-inline'; sandbox
Content-Type: application/zip
ETag: "81b5842d2b0f6a931d0ac4240abae6313f27572447b1ce4866c97440ffab55b5"
Strict-Transport-Security: max-age=31536000
X-Content-Type-Options: nosniff
X-Frame-Options: deny
X-XSS-Protection: 1; mode=block
X-GitHub-Request-Id: B202:430FA:2D261:5BCC4:68B704E8
Accept-Ranges: bytes
Date: Tue, 02 Sep 2025 14:53:29 GMT
Via: 1.1 varnish
X-Served-By: cache-ccu830027-CCU
X-Cache: MISS
X-Cache-Hits: 0
X-Timer: S1756824810.641974,VS0,VE266
Vary: Authorization,Accept-Encoding
Access-Control-Allow-Origin: *
Cross-Origin-Resource-Policy: cross-origin
X-Fastly-Request-ID: 43135a346f9869ddc8cdf0abeec8831373a3fe81
Expires: Tue, 02 Sep 2025 14:58:29 GMT
Source-Age: 0

]
[2025-09-03 22:02:41,254: INFO: common: yaml file: config\config.yaml loaded successfully]
[2025-09-03 22:02:41,256: INFO: common: yaml file: params.yaml loaded successfully]
[2025-09-03 22:02:41,260: INFO: common: yaml file: schema.yaml loaded successfully]
[2025-09-03 22:02:41,262: INFO: common: created directory at: artifacts]
[2025-09-03 22:02:41,263: INFO: common: created directory at: artifacts/data_validation]
[2025-09-03 22:12:38,239: INFO: common: yaml file: config\config.yaml loaded successfully]
[2025-09-03 22:12:38,242: INFO: common: yaml file: params.yaml loaded successfully]
[2025-09-03 22:12:38,245: INFO: common: yaml file: schema.yaml loaded successfully]
[2025-09-03 22:12:38,246: INFO: common: created directory at: artifacts]
[2025-09-03 22:12:38,247: INFO: common: created directory at: artifacts/data_validation]
[2025-09-03 22:19:45,352: INFO: common: yaml file: config\config.yaml loaded successfully]
[2025-09-03 22:19:45,353: INFO: common: yaml file: params.yaml loaded successfully]
[2025-09-03 22:19:45,356: INFO: common: yaml file: schema.yaml loaded successfully]
[2025-09-03 22:19:45,358: INFO: common: created directory at: artifacts]
[2025-09-03 22:19:45,359: INFO: common: created directory at: artifacts/data_validation]
[2025-09-03 22:22:42,722: INFO: common: yaml file: config\config.yaml loaded successfully]
[2025-09-03 22:22:42,725: INFO: common: yaml file: params.yaml loaded successfully]
[2025-09-03 22:22:42,728: INFO: common: yaml file: schema.yaml loaded successfully]
[2025-09-03 22:22:42,730: INFO: common: created directory at: artifacts]
[2025-09-03 22:22:42,732: INFO: common: created directory at: artifacts/data_validation]
[2025-09-03 22:24:53,893: INFO: common: yaml file: config\config.yaml loaded successfully]
[2025-09-03 22:24:53,896: INFO: common: yaml file: params.yaml loaded successfully]
[2025-09-03 22:24:53,899: INFO: common: yaml file: schema.yaml loaded successfully]
[2025-09-03 22:24:53,901: INFO: common: created directory at: artifacts]
[2025-09-03 22:24:53,902: INFO: common: created directory at: artifacts/data_validation]
[2025-09-03 22:28:09,597: INFO: common: yaml file: config\config.yaml loaded successfully]
[2025-09-03 22:28:09,599: INFO: common: yaml file: params.yaml loaded successfully]
[2025-09-03 22:28:09,602: INFO: common: yaml file: schema.yaml loaded successfully]
[2025-09-03 22:28:09,603: INFO: common: created directory at: artifacts]
[2025-09-03 22:28:09,604: INFO: common: created directory at: artifacts/data_transformation]
[2025-09-03 22:28:09,669: INFO: 2684419802: Encoded & engineered data, then split into training and test sets]
[2025-09-03 22:28:09,670: INFO: 2684419802: (3201, 9)]
[2025-09-03 22:28:09,672: INFO: 2684419802: (1068, 9)]
[2025-09-03 22:35:46,441: INFO: common: yaml file: config\config.yaml loaded successfully]
[2025-09-03 22:35:46,443: INFO: common: yaml file: params.yaml loaded successfully]
[2025-09-03 22:35:46,446: INFO: common: yaml file: schema.yaml loaded successfully]
[2025-09-03 22:35:46,448: INFO: common: created directory at: artifacts]
[2025-09-03 22:35:46,449: INFO: common: created directory at: artifacts/model_trainer]
[2025-09-03 22:53:37,013: INFO: common: yaml file: config\config.yaml loaded successfully]
[2025-09-03 22:53:37,016: INFO: common: yaml file: params.yaml loaded successfully]
[2025-09-03 22:53:37,020: INFO: common: yaml file: schema.yaml loaded successfully]
[2025-09-03 22:53:37,022: INFO: common: created directory at: artifacts]
[2025-09-03 22:53:37,024: INFO: common: created directory at: artifacts/model_evaluation]
[2025-09-03 22:53:39,560: INFO: common: json file saved at: artifacts\model_evaluation\metrics.json]
[2025-09-03 22:57:34,947: INFO: common: yaml file: config\config.yaml loaded successfully]
[2025-09-03 22:57:34,950: INFO: common: yaml file: params.yaml loaded successfully]
[2025-09-03 22:57:34,954: INFO: common: yaml file: schema.yaml loaded successfully]
[2025-09-03 22:57:34,956: INFO: common: created directory at: artifacts]
[2025-09-03 22:57:34,958: INFO: common: created directory at: artifacts/model_evaluation]
[2025-09-03 22:57:36,910: INFO: common: json file saved at: artifacts\model_evaluation\metrics.json]
[2025-09-03 23:32:13,865: INFO: _internal: [31m[1mWARNING: This is a development server. Do not use it in a production deployment. Use a production WSGI server instead.[0m
 * Running on all addresses (0.0.0.0)
 * Running on http://127.0.0.1:8080
 * Running on http://127.0.0.1:8080]
[2025-09-03 23:32:13,866: INFO: _internal: [33mPress CTRL+C to quit[0m]
[2025-09-03 23:32:13,867: INFO: _internal:  * Restarting with stat]
[2025-09-03 23:32:14,432: WARNING: _internal:  * Debugger is active!]
[2025-09-03 23:32:14,435: INFO: _internal:  * Debugger PIN: 127-545-737]
[2025-09-03 23:32:29,814: INFO: _internal: 127.0.0.1 - - [03/Sep/2025 23:32:29] "GET / HTTP/1.1" 200 -]
[2025-09-03 23:32:30,136: INFO: _internal: 127.0.0.1 - - [03/Sep/2025 23:32:30] "[33mGET /favicon.ico HTTP/1.1[0m" 404 -]
[2025-09-03 23:43:52,486: INFO: _internal: 192.168.43.37 - - [03/Sep/2025 23:43:52] "GET / HTTP/1.1" 200 -]
[2025-09-03 23:43:53,370: INFO: _internal: 192.168.43.37 - - [03/Sep/2025 23:43:53] "[33mGET /favicon.ico HTTP/1.1[0m" 404 -]
[2025-09-03 23:45:45,693: INFO: _internal: 127.0.0.1 - - [03/Sep/2025 23:45:45] "GET / HTTP/1.1" 200 -]
[2025-09-03 23:46:25,085: INFO: _internal: [31m[1mWARNING: This is a development server. Do not use it in a production deployment. Use a production WSGI server instead.[0m
 * Running on all addresses (0.0.0.0)
 * Running on http://127.0.0.1:8080
 * Running on http://192.168.43.37:8080]
[2025-09-03 23:46:25,085: INFO: _internal: [33mPress CTRL+C to quit[0m]
[2025-09-03 23:46:25,086: INFO: _internal:  * Restarting with stat]
[2025-09-03 23:46:25,635: WARNING: _internal:  * Debugger is active!]
[2025-09-03 23:46:25,637: INFO: _internal:  * Debugger PIN: 187-761-285]
[2025-09-03 23:46:33,925: INFO: _internal: 192.168.43.37 - - [03/Sep/2025 23:46:33] "GET / HTTP/1.1" 200 -]
[2025-09-03 23:46:34,335: INFO: _internal: 192.168.43.37 - - [03/Sep/2025 23:46:34] "[33mGET /favicon.ico HTTP/1.1[0m" 404 -]
[2025-09-03 23:47:31,450: INFO: _internal: 192.168.43.37 - - [03/Sep/2025 23:47:31] "POST /predict HTTP/1.1" 200 -]
[2025-09-03 23:48:27,301: INFO: common: yaml file: config\config.yaml loaded successfully]
[2025-09-03 23:48:27,306: INFO: common: yaml file: params.yaml loaded successfully]
[2025-09-03 23:48:27,310: INFO: common: yaml file: schema.yaml loaded successfully]
[2025-09-03 23:48:27,312: INFO: common: created directory at: artifacts]
[2025-09-03 23:48:27,314: INFO: common: created directory at: artifacts/model_evaluation]
[2025-09-03 23:50:38,126: INFO: common: json file saved at: artifacts\model_evaluation\metrics.json]
[2025-09-05 10:24:44,138: INFO: _internal: [31m[1mWARNING: This is a development server. Do not use it in a production deployment. Use a production WSGI server instead.[0m
 * Running on all addresses (0.0.0.0)
 * Running on http://127.0.0.1:8080
 * Running on http://192.168.1.3:8080]
[2025-09-05 10:24:44,139: INFO: _internal: [33mPress CTRL+C to quit[0m]
[2025-09-05 10:24:44,142: INFO: _internal:  * Restarting with stat]
[2025-09-05 10:24:45,219: WARNING: _internal:  * Debugger is active!]
[2025-09-05 10:24:45,225: INFO: _internal:  * Debugger PIN: 114-695-024]
[2025-09-05 10:25:18,812: INFO: _internal: 192.168.1.3 - - [05/Sep/2025 10:25:18] "GET / HTTP/1.1" 200 -]
[2025-09-05 10:25:20,561: INFO: _internal: 192.168.1.3 - - [05/Sep/2025 10:25:20] "[33mGET /favicon.ico HTTP/1.1[0m" 404 -]
[2025-09-05 10:25:29,686: INFO: _internal: 127.0.0.1 - - [05/Sep/2025 10:25:29] "GET / HTTP/1.1" 200 -]
[2025-09-05 10:25:29,985: INFO: _internal: 127.0.0.1 - - [05/Sep/2025 10:25:29] "[33mGET /favicon.ico HTTP/1.1[0m" 404 -]
[2025-09-05 10:28:03,626: INFO: _internal: 127.0.0.1 - - [05/Sep/2025 10:28:03] "GET / HTTP/1.1" 200 -]
[2025-09-05 10:28:03,955: INFO: _internal: 127.0.0.1 - - [05/Sep/2025 10:28:03] "[33mGET /favicon.ico HTTP/1.1[0m" 404 -]
[2025-09-05 10:48:44,937: INFO: common: yaml file: config\config.yaml loaded successfully]
[2025-09-05 10:48:44,940: INFO: common: yaml file: params.yaml loaded successfully]
[2025-09-05 10:48:44,944: INFO: common: yaml file: schema.yaml loaded successfully]
[2025-09-05 10:48:44,946: INFO: common: created directory at: artifacts]
[2025-09-05 10:48:44,948: INFO: common: created directory at: artifacts/model_evaluation]
[2025-09-05 10:48:46,797: INFO: common: json file saved at: artifacts\model_evaluation\metrics.json]
[2025-09-05 10:51:56,382: INFO: common: yaml file: config\config.yaml loaded successfully]
[2025-09-05 10:51:56,385: INFO: common: yaml file: params.yaml loaded successfully]
[2025-09-05 10:51:56,388: INFO: common: yaml file: schema.yaml loaded successfully]
[2025-09-05 10:51:56,390: INFO: common: created directory at: artifacts]
[2025-09-05 10:51:56,391: INFO: common: created directory at: artifacts/model_evaluation]
[2025-09-05 10:51:56,872: INFO: common: json file saved at: artifacts\model_evaluation\metrics.json]
[2025-09-05 10:54:45,798: INFO: common: yaml file: config\config.yaml loaded successfully]
[2025-09-05 10:54:45,800: INFO: common: yaml file: params.yaml loaded successfully]
[2025-09-05 10:54:45,804: INFO: common: yaml file: schema.yaml loaded successfully]
[2025-09-05 10:54:45,806: INFO: common: created directory at: artifacts]
[2025-09-05 10:54:45,807: INFO: common: created directory at: artifacts/model_evaluation]
[2025-09-05 10:54:46,275: INFO: common: json file saved at: artifacts\model_evaluation\metrics.json]
[2025-09-05 11:20:16,255: INFO: main: >>>>>> stage Data Ingestion stage started <<<<<<]
[2025-09-05 11:20:16,260: INFO: common: yaml file: config\config.yaml loaded successfully]
[2025-09-05 11:20:16,262: INFO: common: yaml file: params.yaml loaded successfully]
[2025-09-05 11:20:16,265: INFO: common: yaml file: schema.yaml loaded successfully]
[2025-09-05 11:20:16,266: INFO: common: created directory at: artifacts]
[2025-09-05 11:20:16,271: INFO: common: created directory at: artifacts/data_ingestion]
[2025-09-05 11:21:41,646: INFO: data_ingestion: artifacts/data_ingestion/data.zip download! with following info: 
Connection: close
Content-Length: 79225
Cache-Control: max-age=300
Content-Security-Policy: default-src 'none'; style-src 'unsafe-inline'; sandbox
Content-Type: application/zip
ETag: "81b5842d2b0f6a931d0ac4240abae6313f27572447b1ce4866c97440ffab55b5"
Strict-Transport-Security: max-age=31536000
X-Content-Type-Options: nosniff
X-Frame-Options: deny
X-XSS-Protection: 1; mode=block
X-GitHub-Request-Id: 3CF0:293272:4CA43:E0F67:68BA7A6A
Accept-Ranges: bytes
Date: Fri, 05 Sep 2025 05:51:43 GMT
Via: 1.1 varnish
X-Served-By: cache-ccu830048-CCU
X-Cache: MISS
X-Cache-Hits: 0
X-Timer: S1757051503.301774,VS0,VE303
Vary: Authorization,Accept-Encoding
Access-Control-Allow-Origin: *
Cross-Origin-Resource-Policy: cross-origin
X-Fastly-Request-ID: c02e06d92a36954aec23f1f642e5165daa555af3
Expires: Fri, 05 Sep 2025 05:56:43 GMT
Source-Age: 0

]
[2025-09-05 11:21:41,654: INFO: main: >>>>>> stage Data Ingestion stage completed <<<<<<

x==========x]
[2025-09-05 11:21:41,655: INFO: main: >>>>>> stage Data Validation stage started <<<<<<]
[2025-09-05 11:21:41,657: INFO: common: yaml file: config\config.yaml loaded successfully]
[2025-09-05 11:21:41,658: INFO: common: yaml file: params.yaml loaded successfully]
[2025-09-05 11:21:41,661: INFO: common: yaml file: schema.yaml loaded successfully]
[2025-09-05 11:21:41,662: INFO: common: created directory at: artifacts]
[2025-09-05 11:21:41,664: INFO: common: created directory at: artifacts/data_validation]
[2025-09-05 11:21:41,698: INFO: main: >>>>>> stage Data Validation stage completed <<<<<<

x==========x]
[2025-09-05 11:21:41,699: INFO: main: >>>>>> stage Data Transformation stage started <<<<<<]
[2025-09-05 11:21:41,703: INFO: common: yaml file: config\config.yaml loaded successfully]
[2025-09-05 11:21:41,704: INFO: common: yaml file: params.yaml loaded successfully]
[2025-09-05 11:21:41,710: INFO: common: yaml file: schema.yaml loaded successfully]
[2025-09-05 11:21:41,711: INFO: common: created directory at: artifacts]
[2025-09-05 11:21:41,714: INFO: common: created directory at: artifacts/data_transformation]
[2025-09-05 11:21:41,792: INFO: data_transformation: Encoded & engineered data, then split into training and test sets]
[2025-09-05 11:21:41,792: INFO: data_transformation: (3201, 9)]
[2025-09-05 11:21:41,794: INFO: data_transformation: (1068, 9)]
[2025-09-05 11:21:41,810: INFO: main: >>>>>> stage Data Transformation stage completed <<<<<<

x==========x]
[2025-09-05 11:21:41,811: INFO: main: >>>>>> stage Model Trainer stage started <<<<<<]
[2025-09-05 11:21:41,815: INFO: common: yaml file: config\config.yaml loaded successfully]
[2025-09-05 11:21:41,816: INFO: common: yaml file: params.yaml loaded successfully]
[2025-09-05 11:21:41,819: INFO: common: yaml file: schema.yaml loaded successfully]
[2025-09-05 11:21:41,820: INFO: common: created directory at: artifacts]
[2025-09-05 11:21:41,822: INFO: common: created directory at: artifacts/model_trainer]
[2025-09-05 11:21:41,872: INFO: main: >>>>>> stage Model Trainer stage completed <<<<<<

x==========x]
[2025-09-05 11:21:41,875: INFO: main: >>>>>> stage Model evaluation stage started <<<<<<]
[2025-09-05 11:21:41,881: INFO: common: yaml file: config\config.yaml loaded successfully]
[2025-09-05 11:21:41,882: INFO: common: yaml file: params.yaml loaded successfully]
[2025-09-05 11:21:41,885: INFO: common: yaml file: schema.yaml loaded successfully]
[2025-09-05 11:21:41,886: INFO: common: created directory at: artifacts]
[2025-09-05 11:21:41,887: INFO: common: created directory at: artifacts/model_evaluation]
[2025-09-05 11:21:43,433: INFO: common: json file saved at: artifacts\model_evaluation\metrics.json]
[2025-09-05 11:21:50,692: INFO: main: >>>>>> stage Model evaluation stage completed <<<<<<

x==========x]
[2025-09-05 12:25:38,863: INFO: common: yaml file: config\config.yaml loaded successfully]
[2025-09-05 12:25:38,867: INFO: common: yaml file: params.yaml loaded successfully]
[2025-09-05 12:25:38,871: INFO: common: yaml file: schema.yaml loaded successfully]
[2025-09-05 12:25:38,873: INFO: common: created directory at: artifacts]
[2025-09-05 12:25:38,875: INFO: common: created directory at: artifacts/model_evaluation]
[2025-09-05 12:25:41,092: INFO: common: json file saved at: artifacts\model_evaluation\metrics.json]
[2025-09-05 13:36:35,032: INFO: _internal: [31m[1mWARNING: This is a development server. Do not use it in a production deployment. Use a production WSGI server instead.[0m
 * Running on all addresses (0.0.0.0)
 * Running on http://127.0.0.1:8080
 * Running on http://192.168.1.3:8080]
[2025-09-05 13:36:35,033: INFO: _internal: [33mPress CTRL+C to quit[0m]
[2025-09-05 13:36:35,036: INFO: _internal:  * Restarting with stat]
[2025-09-05 13:36:35,780: WARNING: _internal:  * Debugger is active!]
[2025-09-05 13:36:35,782: INFO: _internal:  * Debugger PIN: 454-235-464]
[2025-09-05 13:36:58,664: INFO: _internal: 192.168.1.3 - - [05/Sep/2025 13:36:58] "GET / HTTP/1.1" 200 -]
[2025-09-05 13:36:59,018: INFO: _internal: 192.168.1.3 - - [05/Sep/2025 13:36:59] "[33mGET /favicon.ico HTTP/1.1[0m" 404 -]
[2025-09-05 13:37:24,553: INFO: _internal: 192.168.1.3 - - [05/Sep/2025 13:37:24] "POST /predict HTTP/1.1" 200 -]
